Arguments: 
  /usr/bin/node /usr/share/yarn/bin/yarn.js add prettier eslint-config-prettier eslint-pluing-prettier -D

PATH: 
  /home/william/.vscode-server/bin/b37e54c98e1a74ba89e03073e5a3761284e3ffb0/bin:/usr/local/sbin:/usr/local/bin:/usr/sbin:/usr/bin:/sbin:/bin:/usr/games:/usr/local/games:/mnt/c/Program Files/AdoptOpenJDK/jre-8.0.222.10-hotspot/bin:/mnt/c/Windows/system32:/mnt/c/Windows:/mnt/c/Windows/System32/Wbem:/mnt/c/Windows/System32/WindowsPowerShell/v1.0/:/mnt/c/Windows/System32/OpenSSH/:/mnt/c/Program Files/PuTTY/:/mnt/c/Program Files (x86)/NVIDIA Corporation/PhysX/Common:/mnt/c/adb:/mnt/c/Program Files/nodejs/:/mnt/c/gradle/bin:/mnt/c/Program Files/AdoptOpenJDK/jre-8.0.222.10-hotspot/bin:/mnt/c/Users/William/AppData/Local/Programs/Python/Python37/Scripts/:/mnt/c/Users/William/AppData/Local/Programs/Python/Python37/:/mnt/c/Users/William/AppData/Local/Microsoft/WindowsApps:/mnt/c/Users/William/AppData/Roaming/npm:/mnt/c/Users/William/AppData/Local/Programs/Microsoft VS Code/bin:/mnt/c/Users/William/AppData/Local/hyper/app-3.0.2/resources/bin

Yarn version: 
  1.17.3

Node version: 
  10.16.3

Platform: 
  linux x64

Trace: 
  Error: https://registry.yarnpkg.com/eslint-pluing-prettier: Not found
      at Request.params.callback [as _callback] (/usr/share/yarn/lib/cli.js:66830:18)
      at Request.self.callback (/usr/share/yarn/lib/cli.js:140464:22)
      at Request.emit (events.js:198:13)
      at Request.<anonymous> (/usr/share/yarn/lib/cli.js:141436:10)
      at Request.emit (events.js:198:13)
      at IncomingMessage.<anonymous> (/usr/share/yarn/lib/cli.js:141358:12)
      at Object.onceWrapper (events.js:286:20)
      at IncomingMessage.emit (events.js:203:15)
      at endReadableNT (_stream_readable.js:1145:12)
      at process._tickCallback (internal/process/next_tick.js:63:19)

npm manifest: 
  {
    "name": "adonis-api-app",
    "version": "4.1.0",
    "adonis-version": "4.1.0",
    "description": "Adonisjs boilerplate for API server with pre-configured JWT",
    "main": "index.js",
    "scripts": {
      "start": "node server.js",
      "test": "node ace test"
    },
    "keywords": [
      "adonisjs",
      "adonis-app"
    ],
    "author": "",
    "license": "UNLICENSED",
    "private": true,
    "dependencies": {
      "@adonisjs/ace": "^5.0.8",
      "@adonisjs/auth": "^3.0.7",
      "@adonisjs/bodyparser": "^2.0.5",
      "@adonisjs/cors": "^1.0.7",
      "@adonisjs/fold": "^4.0.9",
      "@adonisjs/framework": "^5.0.9",
      "@adonisjs/ignitor": "^2.0.8",
      "@adonisjs/lucid": "^6.1.3",
      "@adonisjs/mail": "^3.0.10",
      "@adonisjs/vow": "^1.0.17",
      "date-fns": "^2.4.1",
      "package.json": "^2.0.1",
      "pg": "^7.12.1",
      "sqlite3": "^4.1.0"
    },
    "devDependencies": {
      "@typescript-eslint/eslint-plugin": "^2.3.1",
      "@typescript-eslint/parser": "^2.3.1",
      "eslint": "^6.5.0",
      "eslint-config-airbnb-base": "^14.0.0",
      "eslint-plugin-import": "^2.18.2"
    },
    "autoload": {
      "App": "./app"
    }
  }

yarn manifest: 
  No manifest

Lockfile: 
  No lockfile
